\BOOKMARK [0][-]{chapter.1}{\376\377\0001\000\040\000D\000e\000s\000c\000r\000i\000p\000t\000i\000o\000n}{}% 1
\BOOKMARK [1][-]{section.1.1}{\376\377\0001\000.\0001\000\040\000U\000s\000a\000g\000e}{chapter.1}% 2
\BOOKMARK [2][-]{subsubsection.1.1.0.1}{\376\377\0001\000.\0001\000.\0000\000.\0001\000\040\000A\000d\000d\000i\000n\000g\000\040\000S\000o\000u\000r\000c\000e\000\040\000F\000i\000l\000e\000s\000\040\000t\000o\000\040\000a\000\040\000P\000r\000o\000j\000e\000c\000t}{section.1.1}% 3
\BOOKMARK [3][-]{subsubsection.1.1.0.2}{\376\377\0001\000.\0001\000.\0000\000.\0002\000\040\000D\000u\000p\000l\000i\000c\000a\000t\000i\000n\000g\000\040\000T\000a\000r\000g\000e\000t\000s}{subsubsection.1.1.0.1}% 4
\BOOKMARK [3][-]{subsubsection.1.1.0.3}{\376\377\0001\000.\0001\000.\0000\000.\0003\000\040\000S\000p\000e\000c\000i\000f\000y\000i\000n\000g\000\040\000S\000o\000u\000r\000c\000e\000\040\000F\000i\000l\000e\000\040\000B\000e\000l\000o\000n\000g\000s\000\040\000t\000o\000\040\000T\000a\000r\000g\000e\000t}{subsubsection.1.1.0.1}% 5
\BOOKMARK [3][-]{subsubsection.1.1.0.4}{\376\377\0001\000.\0001\000.\0000\000.\0004\000\040\000A\000d\000d\000i\000n\000g\000\040\000a\000\040\000X\000i\000b\000\040\000F\000i\000l\000e}{subsubsection.1.1.0.1}% 6
\BOOKMARK [3][-]{subsubsection.1.1.0.5}{\376\377\0001\000.\0001\000.\0000\000.\0005\000\040\000A\000d\000d\000i\000n\000g\000\040\000a\000\040\000F\000r\000a\000m\000e\000w\000o\000r\000k}{subsubsection.1.1.0.1}% 7
\BOOKMARK [3][-]{subsubsection.1.1.0.6}{\376\377\0001\000.\0001\000.\0000\000.\0006\000\040\000A\000d\000d\000i\000n\000g\000\040\000a\000n\000\040\000I\000m\000a\000g\000e\000\040\000R\000e\000s\000o\000u\000r\000c\000e}{subsubsection.1.1.0.1}% 8
\BOOKMARK [3][-]{subsubsection.1.1.0.7}{\376\377\0001\000.\0001\000.\0000\000.\0007\000\040\000A\000d\000d\000i\000n\000g\000\040\000A\000s\000s\000e\000t\000\040\000C\000a\000t\000a\000l\000o\000g\000\040\000\050\000I\000m\000a\000g\000e\000S\000e\000t\000\051}{subsubsection.1.1.0.1}% 9
\BOOKMARK [3][-]{subsubsection.1.1.0.8}{\376\377\0001\000.\0001\000.\0000\000.\0008\000\040\000A\000d\000d\000i\000n\000g\000\040\000a\000\040\000H\000e\000a\000d\000e\000r}{subsubsection.1.1.0.1}% 10
\BOOKMARK [3][-]{subsubsection.1.1.0.9}{\376\377\0001\000.\0001\000.\0000\000.\0009\000\040\000A\000d\000d\000i\000n\000g\000\040\000a\000\040\000s\000u\000b\000-\000p\000r\000o\000j\000e\000c\000t}{subsubsection.1.1.0.1}% 11
\BOOKMARK [3][-]{subsubsection.1.1.0.10}{\376\377\0001\000.\0001\000.\0000\000.\0001\0000\000\040\000R\000e\000m\000o\000v\000i\000n\000g\000\040\000a\000\040\000s\000u\000b\000-\000p\000r\000o\000j\000e\000c\000t}{subsubsection.1.1.0.1}% 12
\BOOKMARK [3][-]{subsubsection.1.1.0.11}{\376\377\0001\000.\0001\000.\0000\000.\0001\0001\000\040\000C\000o\000n\000f\000i\000g\000u\000r\000i\000n\000g\000\040\000t\000a\000r\000g\000e\000t\000s}{subsubsection.1.1.0.1}% 13
\BOOKMARK [3][-]{subsubsection.1.1.0.12}{\376\377\0001\000.\0001\000.\0000\000.\0001\0002\000\040\000A\000d\000d\000i\000n\000g\000\040\000a\000\040\000L\000i\000b\000r\000a\000r\000y}{subsubsection.1.1.0.1}% 14
\BOOKMARK [3][-]{subsubsection.1.1.0.13}{\376\377\0001\000.\0001\000.\0000\000.\0001\0003\000\040\000F\000i\000l\000e\000\040\000w\000r\000i\000t\000e\000\040\000b\000e\000h\000a\000v\000i\000o\000r}{subsubsection.1.1.0.1}% 15
\BOOKMARK [1][-]{section.1.2}{\376\377\0001\000.\0002\000\040\000B\000u\000i\000l\000d\000i\000n\000g}{chapter.1}% 16
\BOOKMARK [1][-]{section.1.3}{\376\377\0001\000.\0003\000\040\000F\000e\000a\000t\000u\000r\000e\000\040\000R\000e\000q\000u\000e\000s\000t\000s\000\040\000a\000n\000d\000\040\000C\000o\000n\000t\000r\000i\000b\000u\000t\000i\000o\000n\000s}{chapter.1}% 17
\BOOKMARK [1][-]{section.1.4}{\376\377\0001\000.\0004\000\040\000C\000o\000m\000p\000a\000t\000i\000b\000i\000l\000i\000t\000y}{chapter.1}% 18
\BOOKMARK [1][-]{section.1.5}{\376\377\0001\000.\0005\000\040\000W\000h\000o\000\047\000s\000\040\000u\000s\000i\000n\000g\000\040\000i\000t\000?}{chapter.1}% 19
\BOOKMARK [1][-]{section.1.6}{\376\377\0001\000.\0006\000\040\000A\000u\000t\000h\000o\000r\000s}{chapter.1}% 20
\BOOKMARK [2][-]{subsubsection.1.6.0.1}{\376\377\0001\000.\0006\000.\0000\000.\0001\000\040\000W\000i\000t\000h\000\040\000c\000o\000n\000t\000r\000i\000b\000u\000t\000i\000o\000n\000s\000\040\000f\000r\000o\000m\000:}{section.1.6}% 21
\BOOKMARK [1][-]{section.1.7}{\376\377\0001\000.\0007\000\040\000L\000I\000C\000E\000N\000S\000E}{chapter.1}% 22
\BOOKMARK [0][-]{chapter.2}{\376\377\0002\000\040\000H\000i\000e\000r\000a\000r\000c\000h\000i\000c\000a\000l\000\040\000I\000n\000d\000e\000x}{}% 23
\BOOKMARK [1][-]{section.2.1}{\376\377\0002\000.\0001\000\040\000C\000l\000a\000s\000s\000\040\000H\000i\000e\000r\000a\000r\000c\000h\000y}{chapter.2}% 24
\BOOKMARK [0][-]{chapter.3}{\376\377\0003\000\040\000C\000l\000a\000s\000s\000\040\000I\000n\000d\000e\000x}{}% 25
\BOOKMARK [1][-]{section.3.1}{\376\377\0003\000.\0001\000\040\000C\000l\000a\000s\000s\000\040\000L\000i\000s\000t}{chapter.3}% 26
\BOOKMARK [0][-]{chapter.4}{\376\377\0004\000\040\000F\000i\000l\000e\000\040\000I\000n\000d\000e\000x}{}% 27
\BOOKMARK [1][-]{section.4.1}{\376\377\0004\000.\0001\000\040\000F\000i\000l\000e\000\040\000L\000i\000s\000t}{chapter.4}% 28
\BOOKMARK [0][-]{chapter.5}{\376\377\0005\000\040\000C\000l\000a\000s\000s\000\040\000D\000o\000c\000u\000m\000e\000n\000t\000a\000t\000i\000o\000n}{}% 29
\BOOKMARK [1][-]{section.5.1}{\376\377\0005\000.\0001\000\040\000C\000l\000a\000s\000s\000C\000a\000l\000l\000e\000d\000J\000a\000n\000i\000n\000e\000\040\000C\000l\000a\000s\000s\000\040\000R\000e\000f\000e\000r\000e\000n\000c\000e}{chapter.5}% 30
\BOOKMARK [1][-]{section.5.2}{\376\377\0005\000.\0002\000\040\000H\000a\000s\000h\000V\000a\000l\000u\000e\000M\000D\0005\000H\000a\000s\000h\000\040\000S\000t\000r\000u\000c\000t\000\040\000R\000e\000f\000e\000r\000e\000n\000c\000e}{chapter.5}% 31
\BOOKMARK [1][-]{section.5.3}{\376\377\0005\000.\0003\000\040\000N\000S\000S\000t\000r\000i\000n\000g\000\050\000R\000e\000m\000o\000v\000e\000E\000m\000o\000j\000i\000\051\000\040\000C\000a\000t\000e\000g\000o\000r\000y\000\040\000R\000e\000f\000e\000r\000e\000n\000c\000e}{chapter.5}% 32
\BOOKMARK [1][-]{section.5.4}{\376\377\0005\000.\0004\000\040\000N\000S\000S\000t\000r\000i\000n\000g\000\050\000X\000c\000o\000d\000e\000M\000e\000m\000b\000e\000r\000T\000y\000p\000e\000E\000x\000t\000e\000n\000s\000i\000o\000n\000s\000\051\000\040\000C\000a\000t\000e\000g\000o\000r\000y\000\040\000R\000e\000f\000e\000r\000e\000n\000c\000e}{chapter.5}% 33
\BOOKMARK [1][-]{section.5.5}{\376\377\0005\000.\0005\000\040\000N\000S\000S\000t\000r\000i\000n\000g\000\050\000X\000c\000o\000d\000e\000S\000o\000u\000r\000c\000e\000T\000r\000e\000e\000T\000y\000p\000e\000E\000x\000t\000e\000n\000s\000i\000o\000n\000s\000\051\000\040\000C\000a\000t\000e\000g\000o\000r\000y\000\040\000R\000e\000f\000e\000r\000e\000n\000c\000e}{chapter.5}% 34
\BOOKMARK [1][-]{section.5.6}{\376\377\0005\000.\0006\000\040\000X\000C\000A\000b\000s\000t\000r\000a\000c\000t\000D\000e\000f\000i\000n\000i\000t\000i\000o\000n\000\040\000C\000l\000a\000s\000s\000\040\000R\000e\000f\000e\000r\000e\000n\000c\000e}{chapter.5}% 35
\BOOKMARK [2][-]{subsection.5.6.1}{\376\377\0005\000.\0006\000.\0001\000\040\000D\000e\000t\000a\000i\000l\000e\000d\000\040\000D\000e\000s\000c\000r\000i\000p\000t\000i\000o\000n}{section.5.6}% 36
\BOOKMARK [1][-]{section.5.7}{\376\377\0005\000.\0007\000\040\000<\000X\000C\000B\000u\000i\000l\000d\000F\000i\000l\000e\000>\000\040\000P\000r\000o\000t\000o\000c\000o\000l\000\040\000R\000e\000f\000e\000r\000e\000n\000c\000e}{chapter.5}% 37
\BOOKMARK [2][-]{subsection.5.7.1}{\376\377\0005\000.\0007\000.\0001\000\040\000M\000e\000t\000h\000o\000d\000\040\000D\000o\000c\000u\000m\000e\000n\000t\000a\000t\000i\000o\000n}{section.5.7}% 38
\BOOKMARK [3][-]{subsubsection.5.7.1.1}{\376\377\0005\000.\0007\000.\0001\000.\0001\000\040\000b\000e\000c\000o\000m\000e\000B\000u\000i\000l\000d\000F\000i\000l\000e}{subsection.5.7.1}% 39
\BOOKMARK [3][-]{subsubsection.5.7.1.2}{\376\377\0005\000.\0007\000.\0001\000.\0002\000\040\000i\000s\000B\000u\000i\000l\000d\000F\000i\000l\000e}{subsection.5.7.1}% 40
\BOOKMARK [1][-]{section.5.8}{\376\377\0005\000.\0008\000\040\000X\000C\000B\000u\000i\000l\000d\000S\000h\000e\000l\000l\000S\000c\000r\000i\000p\000t\000\040\000C\000l\000a\000s\000s\000\040\000R\000e\000f\000e\000r\000e\000n\000c\000e}{chapter.5}% 41
\BOOKMARK [1][-]{section.5.9}{\376\377\0005\000.\0009\000\040\000X\000C\000B\000u\000i\000l\000d\000S\000h\000e\000l\000l\000S\000c\000r\000i\000p\000t\000D\000e\000f\000i\000n\000i\000t\000i\000o\000n\000\040\000C\000l\000a\000s\000s\000\040\000R\000e\000f\000e\000r\000e\000n\000c\000e}{chapter.5}% 42
\BOOKMARK [1][-]{section.5.10}{\376\377\0005\000.\0001\0000\000\040\000X\000C\000B\000u\000i\000l\000d\000S\000h\000e\000l\000l\000S\000c\000r\000i\000p\000t\000D\000e\000f\000i\000n\000i\000t\000i\000o\000n\000T\000e\000s\000t\000s\000\040\000C\000l\000a\000s\000s\000\040\000R\000e\000f\000e\000r\000e\000n\000c\000e}{chapter.5}% 43
\BOOKMARK [1][-]{section.5.11}{\376\377\0005\000.\0001\0001\000\040\000X\000C\000B\000u\000i\000l\000d\000S\000h\000e\000l\000l\000S\000c\000r\000i\000p\000t\000T\000e\000s\000t\000s\000\040\000C\000l\000a\000s\000s\000\040\000R\000e\000f\000e\000r\000e\000n\000c\000e}{chapter.5}% 44
\BOOKMARK [1][-]{section.5.12}{\376\377\0005\000.\0001\0002\000\040\000X\000C\000C\000l\000a\000s\000s\000D\000e\000f\000i\000n\000i\000t\000i\000o\000n\000\040\000C\000l\000a\000s\000s\000\040\000R\000e\000f\000e\000r\000e\000n\000c\000e}{chapter.5}% 45
\BOOKMARK [2][-]{subsection.5.12.1}{\376\377\0005\000.\0001\0002\000.\0001\000\040\000M\000e\000t\000h\000o\000d\000\040\000D\000o\000c\000u\000m\000e\000n\000t\000a\000t\000i\000o\000n}{section.5.12}% 46
\BOOKMARK [3][-]{subsubsection.5.12.1.1}{\376\377\0005\000.\0001\0002\000.\0001\000.\0001\000\040\000i\000n\000i\000t\000W\000i\000t\000h\000N\000a\000m\000e\000:}{subsection.5.12.1}% 47
\BOOKMARK [3][-]{subsubsection.5.12.1.2}{\376\377\0005\000.\0001\0002\000.\0001\000.\0002\000\040\000i\000n\000i\000t\000W\000i\000t\000h\000N\000a\000m\000e\000:\000l\000a\000n\000g\000u\000a\000g\000e\000:}{subsection.5.12.1}% 48
\BOOKMARK [1][-]{section.5.13}{\376\377\0005\000.\0001\0003\000\040\000X\000C\000C\000l\000a\000s\000s\000D\000e\000f\000i\000n\000i\000t\000i\000o\000n\000T\000e\000s\000t\000s\000\040\000C\000l\000a\000s\000s\000\040\000R\000e\000f\000e\000r\000e\000n\000c\000e}{chapter.5}% 49
\BOOKMARK [1][-]{section.5.14}{\376\377\0005\000.\0001\0004\000\040\000X\000C\000F\000i\000l\000e\000O\000p\000e\000r\000a\000t\000i\000o\000n\000Q\000u\000e\000u\000e\000\040\000C\000l\000a\000s\000s\000\040\000R\000e\000f\000e\000r\000e\000n\000c\000e}{chapter.5}% 50
\BOOKMARK [1][-]{section.5.15}{\376\377\0005\000.\0001\0005\000\040\000X\000C\000F\000i\000l\000e\000O\000p\000e\000r\000a\000t\000i\000o\000n\000Q\000u\000e\000u\000e\000\050\000\051\000\040\000C\000a\000t\000e\000g\000o\000r\000y\000\040\000R\000e\000f\000e\000r\000e\000n\000c\000e}{chapter.5}% 51
\BOOKMARK [1][-]{section.5.16}{\376\377\0005\000.\0001\0006\000\040\000X\000C\000F\000r\000a\000m\000e\000w\000o\000r\000k\000D\000e\000f\000i\000n\000i\000t\000i\000o\000n\000\040\000C\000l\000a\000s\000s\000\040\000R\000e\000f\000e\000r\000e\000n\000c\000e}{chapter.5}% 52
\BOOKMARK [1][-]{section.5.17}{\376\377\0005\000.\0001\0007\000\040\000X\000C\000F\000r\000a\000m\000e\000w\000o\000r\000k\000P\000a\000t\000h\000\040\000C\000l\000a\000s\000s\000\040\000R\000e\000f\000e\000r\000e\000n\000c\000e}{chapter.5}% 53
\BOOKMARK [1][-]{section.5.18}{\376\377\0005\000.\0001\0008\000\040\000X\000C\000G\000r\000o\000u\000p\000\040\000C\000l\000a\000s\000s\000\040\000R\000e\000f\000e\000r\000e\000n\000c\000e}{chapter.5}% 54
\BOOKMARK [2][-]{subsection.5.18.1}{\376\377\0005\000.\0001\0008\000.\0001\000\040\000D\000e\000t\000a\000i\000l\000e\000d\000\040\000D\000e\000s\000c\000r\000i\000p\000t\000i\000o\000n}{section.5.18}% 55
\BOOKMARK [2][-]{subsection.5.18.2}{\376\377\0005\000.\0001\0008\000.\0002\000\040\000M\000e\000t\000h\000o\000d\000\040\000D\000o\000c\000u\000m\000e\000n\000t\000a\000t\000i\000o\000n}{section.5.18}% 56
\BOOKMARK [3][-]{subsubsection.5.18.2.1}{\376\377\0005\000.\0001\0008\000.\0002\000.\0001\000\040\000a\000d\000d\000C\000l\000a\000s\000s\000:}{subsection.5.18.2}% 57
\BOOKMARK [3][-]{subsubsection.5.18.2.2}{\376\377\0005\000.\0001\0008\000.\0002\000.\0002\000\040\000a\000d\000d\000C\000l\000a\000s\000s\000:\000t\000o\000T\000a\000r\000g\000e\000t\000s\000:}{subsection.5.18.2}% 58
\BOOKMARK [3][-]{subsubsection.5.18.2.3}{\376\377\0005\000.\0001\0008\000.\0002\000.\0003\000\040\000a\000d\000d\000F\000o\000l\000d\000e\000r\000R\000e\000f\000e\000r\000e\000n\000c\000e\000:}{subsection.5.18.2}% 59
\BOOKMARK [3][-]{subsubsection.5.18.2.4}{\376\377\0005\000.\0001\0008\000.\0002\000.\0004\000\040\000a\000d\000d\000F\000r\000a\000m\000e\000w\000o\000r\000k\000:}{subsection.5.18.2}% 60
\BOOKMARK [3][-]{subsubsection.5.18.2.5}{\376\377\0005\000.\0001\0008\000.\0002\000.\0005\000\040\000a\000d\000d\000F\000r\000a\000m\000e\000w\000o\000r\000k\000:\000t\000o\000T\000a\000r\000g\000e\000t\000s\000:}{subsection.5.18.2}% 61
\BOOKMARK [3][-]{subsubsection.5.18.2.6}{\376\377\0005\000.\0001\0008\000.\0002\000.\0006\000\040\000a\000d\000d\000G\000r\000o\000u\000p\000W\000i\000t\000h\000A\000l\000i\000a\000s\000:}{subsection.5.18.2}% 62
\BOOKMARK [3][-]{subsubsection.5.18.2.7}{\376\377\0005\000.\0001\0008\000.\0002\000.\0007\000\040\000a\000d\000d\000G\000r\000o\000u\000p\000W\000i\000t\000h\000A\000l\000i\000a\000s\000:\000g\000r\000o\000u\000p\000T\000y\000p\000e\000:}{subsection.5.18.2}% 63
\BOOKMARK [3][-]{subsubsection.5.18.2.8}{\376\377\0005\000.\0001\0008\000.\0002\000.\0008\000\040\000a\000d\000d\000G\000r\000o\000u\000p\000W\000i\000t\000h\000P\000a\000t\000h\000:}{subsection.5.18.2}% 64
\BOOKMARK [3][-]{subsubsection.5.18.2.9}{\376\377\0005\000.\0001\0008\000.\0002\000.\0009\000\040\000a\000d\000d\000S\000o\000u\000r\000c\000e\000F\000i\000l\000e\000:}{subsection.5.18.2}% 65
\BOOKMARK [3][-]{subsubsection.5.18.2.10}{\376\377\0005\000.\0001\0008\000.\0002\000.\0001\0000\000\040\000a\000d\000d\000S\000u\000b\000P\000r\000o\000j\000e\000c\000t\000:}{subsection.5.18.2}% 66
\BOOKMARK [3][-]{subsubsection.5.18.2.11}{\376\377\0005\000.\0001\0008\000.\0002\000.\0001\0001\000\040\000a\000d\000d\000S\000u\000b\000P\000r\000o\000j\000e\000c\000t\000:\000t\000o\000T\000a\000r\000g\000e\000t\000s\000:}{subsection.5.18.2}% 67
\BOOKMARK [3][-]{subsubsection.5.18.2.12}{\376\377\0005\000.\0001\0008\000.\0002\000.\0001\0002\000\040\000a\000d\000d\000V\000e\000r\000s\000i\000o\000n\000G\000r\000o\000u\000p\000W\000i\000t\000h\000P\000a\000t\000h\000:}{subsection.5.18.2}% 68
\BOOKMARK [3][-]{subsubsection.5.18.2.13}{\376\377\0005\000.\0001\0008\000.\0002\000.\0001\0003\000\040\000a\000d\000d\000X\000i\000b\000:}{subsection.5.18.2}% 69
\BOOKMARK [3][-]{subsubsection.5.18.2.14}{\376\377\0005\000.\0001\0008\000.\0002\000.\0001\0004\000\040\000a\000d\000d\000X\000i\000b\000:\000t\000o\000T\000a\000r\000g\000e\000t\000s\000:}{subsection.5.18.2}% 70
\BOOKMARK [3][-]{subsubsection.5.18.2.15}{\376\377\0005\000.\0001\0008\000.\0002\000.\0001\0005\000\040\000b\000u\000i\000l\000d\000F\000i\000l\000e\000K\000e\000y\000s}{subsection.5.18.2}% 71
\BOOKMARK [3][-]{subsubsection.5.18.2.16}{\376\377\0005\000.\0001\0008\000.\0002\000.\0001\0006\000\040\000m\000e\000m\000b\000e\000r\000s}{subsection.5.18.2}% 72
\BOOKMARK [3][-]{subsubsection.5.18.2.17}{\376\377\0005\000.\0001\0008\000.\0002\000.\0001\0007\000\040\000m\000e\000m\000b\000e\000r\000W\000i\000t\000h\000D\000i\000s\000p\000l\000a\000y\000N\000a\000m\000e\000:}{subsection.5.18.2}% 73
\BOOKMARK [3][-]{subsubsection.5.18.2.18}{\376\377\0005\000.\0001\0008\000.\0002\000.\0001\0008\000\040\000m\000e\000m\000b\000e\000r\000W\000i\000t\000h\000K\000e\000y\000:}{subsection.5.18.2}% 74
\BOOKMARK [3][-]{subsubsection.5.18.2.19}{\376\377\0005\000.\0001\0008\000.\0002\000.\0001\0009\000\040\000r\000e\000c\000u\000r\000s\000i\000v\000e\000M\000e\000m\000b\000e\000r\000s}{subsection.5.18.2}% 75
\BOOKMARK [3][-]{subsubsection.5.18.2.20}{\376\377\0005\000.\0001\0008\000.\0002\000.\0002\0000\000\040\000r\000e\000m\000o\000v\000e\000C\000l\000a\000s\000s\000:\000f\000r\000o\000m\000T\000a\000r\000g\000e\000t\000s\000:}{subsection.5.18.2}% 76
\BOOKMARK [3][-]{subsubsection.5.18.2.21}{\376\377\0005\000.\0001\0008\000.\0002\000.\0002\0001\000\040\000r\000e\000m\000o\000v\000e\000F\000r\000a\000m\000e\000w\000o\000r\000k\000:\000f\000r\000o\000m\000T\000a\000r\000g\000e\000t\000s\000:}{subsection.5.18.2}% 77
\BOOKMARK [3][-]{subsubsection.5.18.2.22}{\376\377\0005\000.\0001\0008\000.\0002\000.\0002\0002\000\040\000r\000e\000m\000o\000v\000e\000H\000e\000a\000d\000e\000r\000:}{subsection.5.18.2}% 78
\BOOKMARK [3][-]{subsubsection.5.18.2.23}{\376\377\0005\000.\0001\0008\000.\0002\000.\0002\0003\000\040\000r\000e\000m\000o\000v\000e\000M\000e\000m\000b\000e\000r\000W\000i\000t\000h\000K\000e\000y\000:}{subsection.5.18.2}% 79
\BOOKMARK [2][-]{subsection.5.18.3}{\376\377\0005\000.\0001\0008\000.\0003\000\040\000P\000r\000o\000p\000e\000r\000t\000y\000\040\000D\000o\000c\000u\000m\000e\000n\000t\000a\000t\000i\000o\000n}{section.5.18}% 80
\BOOKMARK [3][-]{subsubsection.5.18.3.1}{\376\377\0005\000.\0001\0008\000.\0003\000.\0001\000\040\000a\000l\000i\000a\000s}{subsection.5.18.3}% 81
\BOOKMARK [3][-]{subsubsection.5.18.3.2}{\376\377\0005\000.\0001\0008\000.\0003\000.\0002\000\040\000c\000h\000i\000l\000d\000r\000e\000n}{subsection.5.18.3}% 82
\BOOKMARK [3][-]{subsubsection.5.18.3.3}{\376\377\0005\000.\0001\0008\000.\0003\000.\0003\000\040\000k\000e\000y}{subsection.5.18.3}% 83
\BOOKMARK [3][-]{subsubsection.5.18.3.4}{\376\377\0005\000.\0001\0008\000.\0003\000.\0004\000\040\000p\000a\000t\000h\000R\000e\000l\000a\000t\000i\000v\000e\000T\000o\000P\000a\000r\000e\000n\000t}{subsection.5.18.3}% 84
\BOOKMARK [1][-]{section.5.19}{\376\377\0005\000.\0001\0009\000\040\000X\000C\000G\000r\000o\000u\000p\000T\000e\000s\000t\000s\000\040\000C\000l\000a\000s\000s\000\040\000R\000e\000f\000e\000r\000e\000n\000c\000e}{chapter.5}% 85
\BOOKMARK [1][-]{section.5.20}{\376\377\0005\000.\0002\0000\000\040\000X\000C\000K\000e\000y\000B\000u\000i\000l\000d\000e\000r\000\040\000C\000l\000a\000s\000s\000\040\000R\000e\000f\000e\000r\000e\000n\000c\000e}{chapter.5}% 86
\BOOKMARK [1][-]{section.5.21}{\376\377\0005\000.\0002\0001\000\040\000X\000C\000K\000e\000y\000B\000u\000i\000l\000d\000e\000r\000T\000e\000s\000t\000s\000\040\000C\000l\000a\000s\000s\000\040\000R\000e\000f\000e\000r\000e\000n\000c\000e}{chapter.5}% 87
\BOOKMARK [1][-]{section.5.22}{\376\377\0005\000.\0002\0002\000\040\000X\000c\000o\000d\000e\000F\000i\000l\000e\000R\000e\000f\000e\000r\000e\000n\000c\000e\000T\000y\000p\000e\000T\000e\000s\000t\000s\000\040\000C\000l\000a\000s\000s\000\040\000R\000e\000f\000e\000r\000e\000n\000c\000e}{chapter.5}% 88
\BOOKMARK [1][-]{section.5.23}{\376\377\0005\000.\0002\0003\000\040\000<\000X\000c\000o\000d\000e\000G\000r\000o\000u\000p\000M\000e\000m\000b\000e\000r\000>\000\040\000P\000r\000o\000t\000o\000c\000o\000l\000\040\000R\000e\000f\000e\000r\000e\000n\000c\000e}{chapter.5}% 89
\BOOKMARK [2][-]{subsection.5.23.1}{\376\377\0005\000.\0002\0003\000.\0001\000\040\000M\000e\000t\000h\000o\000d\000\040\000D\000o\000c\000u\000m\000e\000n\000t\000a\000t\000i\000o\000n}{section.5.23}% 90
\BOOKMARK [3][-]{subsubsection.5.23.1.1}{\376\377\0005\000.\0002\0003\000.\0001\000.\0001\000\040\000g\000r\000o\000u\000p\000M\000e\000m\000b\000e\000r\000T\000y\000p\000e}{subsection.5.23.1}% 91
\BOOKMARK [1][-]{section.5.24}{\376\377\0005\000.\0002\0004\000\040\000X\000C\000P\000r\000o\000j\000e\000c\000t\000\040\000C\000l\000a\000s\000s\000\040\000R\000e\000f\000e\000r\000e\000n\000c\000e}{chapter.5}% 92
\BOOKMARK [2][-]{subsection.5.24.1}{\376\377\0005\000.\0002\0004\000.\0001\000\040\000M\000e\000t\000h\000o\000d\000\040\000D\000o\000c\000u\000m\000e\000n\000t\000a\000t\000i\000o\000n}{section.5.24}% 93
\BOOKMARK [3][-]{subsubsection.5.24.1.1}{\376\377\0005\000.\0002\0004\000.\0001\000.\0001\000\040\000a\000p\000p\000l\000i\000c\000a\000t\000i\000o\000n\000T\000a\000r\000g\000e\000t\000s}{subsection.5.24.1}% 94
\BOOKMARK [3][-]{subsubsection.5.24.1.2}{\376\377\0005\000.\0002\0004\000.\0001\000.\0002\000\040\000c\000o\000n\000f\000i\000g\000u\000r\000a\000t\000i\000o\000n\000s}{subsection.5.24.1}% 95
\BOOKMARK [3][-]{subsubsection.5.24.1.3}{\376\377\0005\000.\0002\0004\000.\0001\000.\0003\000\040\000c\000o\000n\000f\000i\000g\000u\000r\000a\000t\000i\000o\000n\000W\000i\000t\000h\000N\000a\000m\000e\000:}{subsection.5.24.1}% 96
\BOOKMARK [3][-]{subsubsection.5.24.1.4}{\376\377\0005\000.\0002\0004\000.\0001\000.\0004\000\040\000f\000i\000l\000e\000s}{subsection.5.24.1}% 97
\BOOKMARK [3][-]{subsubsection.5.24.1.5}{\376\377\0005\000.\0002\0004\000.\0001\000.\0005\000\040\000f\000i\000l\000e\000W\000i\000t\000h\000K\000e\000y\000:}{subsection.5.24.1}% 98
\BOOKMARK [3][-]{subsubsection.5.24.1.6}{\376\377\0005\000.\0002\0004\000.\0001\000.\0006\000\040\000f\000i\000l\000e\000W\000i\000t\000h\000N\000a\000m\000e\000:}{subsection.5.24.1}% 99
\BOOKMARK [3][-]{subsubsection.5.24.1.7}{\376\377\0005\000.\0002\0004\000.\0001\000.\0007\000\040\000g\000r\000o\000u\000p\000F\000o\000r\000G\000r\000o\000u\000p\000M\000e\000m\000b\000e\000r\000W\000i\000t\000h\000K\000e\000y\000:}{subsection.5.24.1}% 100
\BOOKMARK [3][-]{subsubsection.5.24.1.8}{\376\377\0005\000.\0002\0004\000.\0001\000.\0008\000\040\000g\000r\000o\000u\000p\000s}{subsection.5.24.1}% 101
\BOOKMARK [3][-]{subsubsection.5.24.1.9}{\376\377\0005\000.\0002\0004\000.\0001\000.\0009\000\040\000g\000r\000o\000u\000p\000W\000i\000t\000h\000D\000i\000s\000p\000l\000a\000y\000N\000a\000m\000e\000:}{subsection.5.24.1}% 102
\BOOKMARK [3][-]{subsubsection.5.24.1.10}{\376\377\0005\000.\0002\0004\000.\0001\000.\0001\0000\000\040\000g\000r\000o\000u\000p\000W\000i\000t\000h\000K\000e\000y\000:}{subsection.5.24.1}% 103
\BOOKMARK [3][-]{subsubsection.5.24.1.11}{\376\377\0005\000.\0002\0004\000.\0001\000.\0001\0001\000\040\000g\000r\000o\000u\000p\000W\000i\000t\000h\000P\000a\000t\000h\000F\000r\000o\000m\000R\000o\000o\000t\000:}{subsection.5.24.1}% 104
\BOOKMARK [3][-]{subsubsection.5.24.1.12}{\376\377\0005\000.\0002\0004\000.\0001\000.\0001\0002\000\040\000g\000r\000o\000u\000p\000W\000i\000t\000h\000S\000o\000u\000r\000c\000e\000F\000i\000l\000e\000:}{subsection.5.24.1}% 105
\BOOKMARK [3][-]{subsubsection.5.24.1.13}{\376\377\0005\000.\0002\0004\000.\0001\000.\0001\0003\000\040\000h\000e\000a\000d\000e\000r\000F\000i\000l\000e\000s}{subsection.5.24.1}% 106
\BOOKMARK [3][-]{subsubsection.5.24.1.14}{\376\377\0005\000.\0002\0004\000.\0001\000.\0001\0004\000\040\000i\000n\000i\000t\000W\000i\000t\000h\000F\000i\000l\000e\000P\000a\000t\000h\000:}{subsection.5.24.1}% 107
\BOOKMARK [3][-]{subsubsection.5.24.1.15}{\376\377\0005\000.\0002\0004\000.\0001\000.\0001\0005\000\040\000m\000a\000i\000n\000G\000r\000o\000u\000p}{subsection.5.24.1}% 108
\BOOKMARK [3][-]{subsubsection.5.24.1.16}{\376\377\0005\000.\0002\0004\000.\0001\000.\0001\0006\000\040\000o\000b\000j\000e\000c\000t\000i\000v\000e\000C\000F\000i\000l\000e\000s}{subsection.5.24.1}% 109
\BOOKMARK [3][-]{subsubsection.5.24.1.17}{\376\377\0005\000.\0002\0004\000.\0001\000.\0001\0007\000\040\000o\000b\000j\000e\000c\000t\000i\000v\000e\000C\000P\000l\000u\000s\000P\000l\000u\000s\000F\000i\000l\000e\000s}{subsection.5.24.1}% 110
\BOOKMARK [3][-]{subsubsection.5.24.1.18}{\376\377\0005\000.\0002\0004\000.\0001\000.\0001\0008\000\040\000o\000b\000j\000e\000c\000t\000s}{subsection.5.24.1}% 111
\BOOKMARK [3][-]{subsubsection.5.24.1.19}{\376\377\0005\000.\0002\0004\000.\0001\000.\0001\0009\000\040\000p\000r\000u\000n\000e\000E\000m\000p\000t\000y\000G\000r\000o\000u\000p\000s}{subsection.5.24.1}% 112
\BOOKMARK [3][-]{subsubsection.5.24.1.20}{\376\377\0005\000.\0002\0004\000.\0001\000.\0002\0000\000\040\000r\000o\000o\000t\000G\000r\000o\000u\000p}{subsection.5.24.1}% 113
\BOOKMARK [3][-]{subsubsection.5.24.1.21}{\376\377\0005\000.\0002\0004\000.\0001\000.\0002\0001\000\040\000r\000o\000o\000t\000G\000r\000o\000u\000p\000s}{subsection.5.24.1}% 114
\BOOKMARK [3][-]{subsubsection.5.24.1.22}{\376\377\0005\000.\0002\0004\000.\0001\000.\0002\0002\000\040\000s\000a\000v\000e}{subsection.5.24.1}% 115
\BOOKMARK [3][-]{subsubsection.5.24.1.23}{\376\377\0005\000.\0002\0004\000.\0001\000.\0002\0003\000\040\000t\000a\000r\000g\000e\000t\000s}{subsection.5.24.1}% 116
\BOOKMARK [3][-]{subsubsection.5.24.1.24}{\376\377\0005\000.\0002\0004\000.\0001\000.\0002\0004\000\040\000t\000a\000r\000g\000e\000t\000W\000i\000t\000h\000N\000a\000m\000e\000:}{subsection.5.24.1}% 117
\BOOKMARK [3][-]{subsubsection.5.24.1.25}{\376\377\0005\000.\0002\0004\000.\0001\000.\0002\0005\000\040\000v\000e\000r\000s\000i\000o\000n\000G\000r\000o\000u\000p\000s}{subsection.5.24.1}% 118
\BOOKMARK [3][-]{subsubsection.5.24.1.26}{\376\377\0005\000.\0002\0004\000.\0001\000.\0002\0006\000\040\000v\000e\000r\000s\000i\000o\000n\000G\000r\000o\000u\000p\000W\000i\000t\000h\000K\000e\000y\000:}{subsection.5.24.1}% 119
\BOOKMARK [3][-]{subsubsection.5.24.1.27}{\376\377\0005\000.\0002\0004\000.\0001\000.\0002\0007\000\040\000v\000e\000r\000s\000i\000o\000n\000G\000r\000o\000u\000p\000W\000i\000t\000h\000N\000a\000m\000e\000:}{subsection.5.24.1}% 120
\BOOKMARK [3][-]{subsubsection.5.24.1.28}{\376\377\0005\000.\0002\0004\000.\0001\000.\0002\0008\000\040\000x\000i\000b\000F\000i\000l\000e\000s}{subsection.5.24.1}% 121
\BOOKMARK [1][-]{section.5.25}{\376\377\0005\000.\0002\0005\000\040\000X\000C\000P\000r\000o\000j\000e\000c\000t\000\050\000S\000u\000b\000P\000r\000o\000j\000e\000c\000t\000\051\000\040\000C\000a\000t\000e\000g\000o\000r\000y\000\040\000R\000e\000f\000e\000r\000e\000n\000c\000e}{chapter.5}% 122
\BOOKMARK [1][-]{section.5.26}{\376\377\0005\000.\0002\0006\000\040\000X\000C\000P\000r\000o\000j\000e\000c\000t\000B\000u\000i\000l\000d\000C\000o\000n\000f\000i\000g\000\040\000C\000l\000a\000s\000s\000\040\000R\000e\000f\000e\000r\000e\000n\000c\000e}{chapter.5}% 123
\BOOKMARK [1][-]{section.5.27}{\376\377\0005\000.\0002\0007\000\040\000X\000C\000P\000r\000o\000j\000e\000c\000t\000T\000e\000s\000t\000s\000\040\000C\000l\000a\000s\000s\000\040\000R\000e\000f\000e\000r\000e\000n\000c\000e}{chapter.5}% 124
\BOOKMARK [1][-]{section.5.28}{\376\377\0005\000.\0002\0008\000\040\000X\000C\000S\000o\000u\000r\000c\000e\000F\000i\000l\000e\000\040\000C\000l\000a\000s\000s\000\040\000R\000e\000f\000e\000r\000e\000n\000c\000e}{chapter.5}% 125
\BOOKMARK [2][-]{subsection.5.28.1}{\376\377\0005\000.\0002\0008\000.\0001\000\040\000D\000e\000t\000a\000i\000l\000e\000d\000\040\000D\000e\000s\000c\000r\000i\000p\000t\000i\000o\000n}{section.5.28}% 126
\BOOKMARK [2][-]{subsection.5.28.2}{\376\377\0005\000.\0002\0008\000.\0002\000\040\000M\000e\000t\000h\000o\000d\000\040\000D\000o\000c\000u\000m\000e\000n\000t\000a\000t\000i\000o\000n}{section.5.28}% 127
\BOOKMARK [3][-]{subsubsection.5.28.2.1}{\376\377\0005\000.\0002\0008\000.\0002\000.\0001\000\040\000b\000e\000c\000o\000m\000e\000B\000u\000i\000l\000d\000F\000i\000l\000e}{subsection.5.28.2}% 128
\BOOKMARK [3][-]{subsubsection.5.28.2.2}{\376\377\0005\000.\0002\0008\000.\0002\000.\0002\000\040\000b\000u\000i\000l\000d\000F\000i\000l\000e\000K\000e\000y}{subsection.5.28.2}% 129
\BOOKMARK [3][-]{subsubsection.5.28.2.3}{\376\377\0005\000.\0002\0008\000.\0002\000.\0003\000\040\000b\000u\000i\000l\000d\000P\000h\000a\000s\000e}{subsection.5.28.2}% 130
\BOOKMARK [3][-]{subsubsection.5.28.2.4}{\376\377\0005\000.\0002\0008\000.\0002\000.\0004\000\040\000i\000s\000B\000u\000i\000l\000d\000F\000i\000l\000e}{subsection.5.28.2}% 131
\BOOKMARK [3][-]{subsubsection.5.28.2.5}{\376\377\0005\000.\0002\0008\000.\0002\000.\0005\000\040\000r\000e\000m\000o\000v\000e\000B\000u\000i\000l\000d\000F\000i\000l\000e}{subsection.5.28.2}% 132
\BOOKMARK [3][-]{subsubsection.5.28.2.6}{\376\377\0005\000.\0002\0008\000.\0002\000.\0006\000\040\000s\000e\000t\000C\000o\000m\000p\000i\000l\000e\000r\000F\000l\000a\000g\000s\000:}{subsection.5.28.2}% 133
\BOOKMARK [3][-]{subsubsection.5.28.2.7}{\376\377\0005\000.\0002\0008\000.\0002\000.\0007\000\040\000s\000e\000t\000W\000e\000a\000k\000R\000e\000f\000e\000r\000e\000n\000c\000e}{subsection.5.28.2}% 134
\BOOKMARK [1][-]{section.5.29}{\376\377\0005\000.\0002\0009\000\040\000X\000C\000S\000o\000u\000r\000c\000e\000F\000i\000l\000e\000D\000e\000f\000i\000n\000i\000t\000i\000o\000n\000\040\000C\000l\000a\000s\000s\000\040\000R\000e\000f\000e\000r\000e\000n\000c\000e}{chapter.5}% 135
\BOOKMARK [1][-]{section.5.30}{\376\377\0005\000.\0003\0000\000\040\000X\000C\000S\000u\000b\000P\000r\000o\000j\000e\000c\000t\000D\000e\000f\000i\000n\000i\000t\000i\000o\000n\000\040\000C\000l\000a\000s\000s\000\040\000R\000e\000f\000e\000r\000e\000n\000c\000e}{chapter.5}% 136
\BOOKMARK [1][-]{section.5.31}{\376\377\0005\000.\0003\0001\000\040\000X\000C\000S\000u\000b\000P\000r\000o\000j\000e\000c\000t\000D\000e\000f\000i\000n\000i\000t\000i\000o\000n\000\050\000\051\000\040\000C\000a\000t\000e\000g\000o\000r\000y\000\040\000R\000e\000f\000e\000r\000e\000n\000c\000e}{chapter.5}% 137
\BOOKMARK [1][-]{section.5.32}{\376\377\0005\000.\0003\0002\000\040\000X\000C\000S\000u\000b\000P\000r\000o\000j\000e\000c\000t\000D\000e\000f\000i\000n\000i\000t\000i\000o\000n\000T\000e\000s\000t\000s\000\040\000C\000l\000a\000s\000s\000\040\000R\000e\000f\000e\000r\000e\000n\000c\000e}{chapter.5}% 138
\BOOKMARK [1][-]{section.5.33}{\376\377\0005\000.\0003\0003\000\040\000X\000C\000T\000a\000r\000g\000e\000t\000\040\000C\000l\000a\000s\000s\000\040\000R\000e\000f\000e\000r\000e\000n\000c\000e}{chapter.5}% 139
\BOOKMARK [2][-]{subsection.5.33.1}{\376\377\0005\000.\0003\0003\000.\0001\000\040\000D\000e\000t\000a\000i\000l\000e\000d\000\040\000D\000e\000s\000c\000r\000i\000p\000t\000i\000o\000n}{section.5.33}% 140
\BOOKMARK [1][-]{section.5.34}{\376\377\0005\000.\0003\0004\000\040\000X\000C\000T\000a\000r\000g\000e\000t\000T\000e\000s\000t\000s\000\040\000C\000l\000a\000s\000s\000\040\000R\000e\000f\000e\000r\000e\000n\000c\000e}{chapter.5}% 141
\BOOKMARK [1][-]{section.5.35}{\376\377\0005\000.\0003\0005\000\040\000X\000C\000V\000e\000r\000s\000i\000o\000n\000G\000r\000o\000u\000p\000\040\000C\000l\000a\000s\000s\000\040\000R\000e\000f\000e\000r\000e\000n\000c\000e}{chapter.5}% 142
\BOOKMARK [2][-]{subsection.5.35.1}{\376\377\0005\000.\0003\0005\000.\0001\000\040\000M\000e\000t\000h\000o\000d\000\040\000D\000o\000c\000u\000m\000e\000n\000t\000a\000t\000i\000o\000n}{section.5.35}% 143
\BOOKMARK [3][-]{subsubsection.5.35.1.1}{\376\377\0005\000.\0003\0005\000.\0001\000.\0001\000\040\000a\000d\000d\000D\000a\000t\000a\000M\000o\000d\000e\000l\000S\000o\000u\000r\000c\000e\000:}{subsection.5.35.1}% 144
\BOOKMARK [3][-]{subsubsection.5.35.1.2}{\376\377\0005\000.\0003\0005\000.\0001\000.\0002\000\040\000m\000e\000m\000b\000e\000r\000W\000i\000t\000h\000D\000i\000s\000p\000l\000a\000y\000N\000a\000m\000e\000:}{subsection.5.35.1}% 145
\BOOKMARK [3][-]{subsubsection.5.35.1.3}{\376\377\0005\000.\0003\0005\000.\0001\000.\0003\000\040\000m\000e\000m\000b\000e\000r\000W\000i\000t\000h\000K\000e\000y\000:}{subsection.5.35.1}% 146
\BOOKMARK [2][-]{subsection.5.35.2}{\376\377\0005\000.\0003\0005\000.\0002\000\040\000P\000r\000o\000p\000e\000r\000t\000y\000\040\000D\000o\000c\000u\000m\000e\000n\000t\000a\000t\000i\000o\000n}{section.5.35}% 147
\BOOKMARK [3][-]{subsubsection.5.35.2.1}{\376\377\0005\000.\0003\0005\000.\0002\000.\0001\000\040\000a\000l\000i\000a\000s}{subsection.5.35.2}% 148
\BOOKMARK [3][-]{subsubsection.5.35.2.2}{\376\377\0005\000.\0003\0005\000.\0002\000.\0002\000\040\000k\000e\000y}{subsection.5.35.2}% 149
\BOOKMARK [3][-]{subsubsection.5.35.2.3}{\376\377\0005\000.\0003\0005\000.\0002\000.\0003\000\040\000p\000a\000t\000h\000R\000e\000l\000a\000t\000i\000v\000e\000T\000o\000P\000a\000r\000e\000n\000t}{subsection.5.35.2}% 150
\BOOKMARK [3][-]{subsubsection.5.35.2.4}{\376\377\0005\000.\0003\0005\000.\0002\000.\0004\000\040\000v\000e\000r\000s\000i\000o\000n\000s}{subsection.5.35.2}% 151
\BOOKMARK [1][-]{section.5.36}{\376\377\0005\000.\0003\0006\000\040\000X\000C\000X\000i\000b\000D\000e\000f\000i\000n\000i\000t\000i\000o\000n\000\040\000C\000l\000a\000s\000s\000\040\000R\000e\000f\000e\000r\000e\000n\000c\000e}{chapter.5}% 152
\BOOKMARK [0][-]{chapter.6}{\376\377\0006\000\040\000F\000i\000l\000e\000\040\000D\000o\000c\000u\000m\000e\000n\000t\000a\000t\000i\000o\000n}{}% 153
\BOOKMARK [1][-]{section.6.1}{\376\377\0006\000.\0001\000\040\000N\000S\000S\000t\000r\000i\000n\000g\000+\000R\000e\000m\000o\000v\000e\000E\000m\000o\000j\000i\000.\000h}{chapter.6}% 154
\BOOKMARK [1][-]{section.6.2}{\376\377\0006\000.\0002\000\040\000X\000C\000A\000b\000s\000t\000r\000a\000c\000t\000D\000e\000f\000i\000n\000i\000t\000i\000o\000n\000.\000h}{chapter.6}% 155
\BOOKMARK [1][-]{section.6.3}{\376\377\0006\000.\0003\000\040\000X\000C\000B\000u\000i\000l\000d\000F\000i\000l\000e\000.\000h}{chapter.6}% 156
\BOOKMARK [1][-]{section.6.4}{\376\377\0006\000.\0004\000\040\000X\000C\000B\000u\000i\000l\000d\000S\000h\000e\000l\000l\000S\000c\000r\000i\000p\000t\000.\000h}{chapter.6}% 157
\BOOKMARK [1][-]{section.6.5}{\376\377\0006\000.\0005\000\040\000X\000C\000B\000u\000i\000l\000d\000S\000h\000e\000l\000l\000S\000c\000r\000i\000p\000t\000D\000e\000f\000i\000n\000i\000t\000i\000o\000n\000.\000h}{chapter.6}% 158
\BOOKMARK [1][-]{section.6.6}{\376\377\0006\000.\0006\000\040\000X\000C\000C\000l\000a\000s\000s\000D\000e\000f\000i\000n\000i\000t\000i\000o\000n\000.\000h}{chapter.6}% 159
\BOOKMARK [1][-]{section.6.7}{\376\377\0006\000.\0007\000\040\000X\000C\000F\000i\000l\000e\000O\000p\000e\000r\000a\000t\000i\000o\000n\000Q\000u\000e\000u\000e\000.\000h}{chapter.6}% 160
\BOOKMARK [1][-]{section.6.8}{\376\377\0006\000.\0008\000\040\000X\000C\000F\000r\000a\000m\000e\000w\000o\000r\000k\000D\000e\000f\000i\000n\000i\000t\000i\000o\000n\000.\000h}{chapter.6}% 161
\BOOKMARK [1][-]{section.6.9}{\376\377\0006\000.\0009\000\040\000X\000C\000G\000r\000o\000u\000p\000.\000h}{chapter.6}% 162
\BOOKMARK [1][-]{section.6.10}{\376\377\0006\000.\0001\0000\000\040\000X\000C\000K\000e\000y\000B\000u\000i\000l\000d\000e\000r\000.\000h}{chapter.6}% 163
\BOOKMARK [1][-]{section.6.11}{\376\377\0006\000.\0001\0001\000\040\000X\000c\000o\000d\000e\000E\000d\000i\000t\000o\000r\000.\000h}{chapter.6}% 164
\BOOKMARK [1][-]{section.6.12}{\376\377\0006\000.\0001\0002\000\040\000X\000c\000o\000d\000e\000G\000r\000o\000u\000p\000M\000e\000m\000b\000e\000r\000.\000h}{chapter.6}% 165
\BOOKMARK [1][-]{section.6.13}{\376\377\0006\000.\0001\0003\000\040\000X\000c\000o\000d\000e\000M\000e\000m\000b\000e\000r\000T\000y\000p\000e\000.\000h}{chapter.6}% 166
\BOOKMARK [1][-]{section.6.14}{\376\377\0006\000.\0001\0004\000\040\000X\000c\000o\000d\000e\000S\000o\000u\000r\000c\000e\000F\000i\000l\000e\000T\000y\000p\000e\000.\000h}{chapter.6}% 167
\BOOKMARK [1][-]{section.6.15}{\376\377\0006\000.\0001\0005\000\040\000X\000c\000o\000d\000e\000S\000o\000u\000r\000c\000e\000T\000r\000e\000e\000T\000y\000p\000e\000.\000h}{chapter.6}% 168
\BOOKMARK [1][-]{section.6.16}{\376\377\0006\000.\0001\0006\000\040\000X\000C\000P\000r\000o\000j\000e\000c\000t\000+\000S\000u\000b\000P\000r\000o\000j\000e\000c\000t\000.\000h}{chapter.6}% 169
\BOOKMARK [1][-]{section.6.17}{\376\377\0006\000.\0001\0007\000\040\000X\000C\000P\000r\000o\000j\000e\000c\000t\000.\000h}{chapter.6}% 170
\BOOKMARK [1][-]{section.6.18}{\376\377\0006\000.\0001\0008\000\040\000X\000C\000P\000r\000o\000j\000e\000c\000t\000B\000u\000i\000l\000d\000C\000o\000n\000f\000i\000g\000.\000h}{chapter.6}% 171
\BOOKMARK [1][-]{section.6.19}{\376\377\0006\000.\0001\0009\000\040\000X\000C\000S\000o\000u\000r\000c\000e\000F\000i\000l\000e\000.\000h}{chapter.6}% 172
\BOOKMARK [1][-]{section.6.20}{\376\377\0006\000.\0002\0000\000\040\000X\000C\000S\000o\000u\000r\000c\000e\000F\000i\000l\000e\000D\000e\000f\000i\000n\000i\000t\000i\000o\000n\000.\000h}{chapter.6}% 173
\BOOKMARK [1][-]{section.6.21}{\376\377\0006\000.\0002\0001\000\040\000X\000C\000S\000u\000b\000P\000r\000o\000j\000e\000c\000t\000D\000e\000f\000i\000n\000i\000t\000i\000o\000n\000.\000h}{chapter.6}% 174
\BOOKMARK [1][-]{section.6.22}{\376\377\0006\000.\0002\0002\000\040\000X\000C\000T\000a\000r\000g\000e\000t\000.\000h}{chapter.6}% 175
\BOOKMARK [1][-]{section.6.23}{\376\377\0006\000.\0002\0003\000\040\000X\000C\000V\000e\000r\000s\000i\000o\000n\000G\000r\000o\000u\000p\000.\000h}{chapter.6}% 176
\BOOKMARK [1][-]{section.6.24}{\376\377\0006\000.\0002\0004\000\040\000X\000C\000X\000i\000b\000D\000e\000f\000i\000n\000i\000t\000i\000o\000n\000.\000h}{chapter.6}% 177
\BOOKMARK [1][-]{section.6.25}{\376\377\0006\000.\0002\0005\000\040\000C\000l\000a\000s\000s\000C\000a\000l\000l\000e\000d\000J\000a\000n\000i\000n\000e\000.\000h}{chapter.6}% 178
\BOOKMARK [1][-]{section.6.26}{\376\377\0006\000.\0002\0006\000\040\000X\000C\000T\000e\000s\000t\000R\000e\000s\000o\000u\000r\000c\000e\000U\000t\000i\000l\000s\000.\000h}{chapter.6}% 179
